Godot Engine v4.3.stable.official.77dcf97d8 - https://godotengine.org

[accept_match] PASS autoloads
[accept_match] PASS scene:boot
[accept_match] PASS scene:main_menu
[accept_match] PASS scene:mode_select
[accept_match] PASS scene:ruleset
[accept_match] PASS scene:fighter_select
[accept_match] PASS scene:stage_select
[accept_match] PASS scene:versus
[accept_match] PASS scene:battle
[accept_match] PASS scene:results
[accept_match] PASS scene:training
[accept_match] PASS scene:settings
[1;33mWARNING:[0;93m Nodes with non-equal opposite anchors will have their size overridden after _ready(). 
If you want to set size, change the anchors or consider using set_deferred().
[0;90m     at: _set_size (scene/gui/control.cpp:1448)[0m
[accept_match] PASS fighters_spawned
[accept_match] PASS p1_controllable
[accept_match] PASS cpu_opponent
[1;31mERROR:[0;91m Parameter "m" is null.
[0;90m   at: mesh_get_surface_count (servers/rendering/dummy/storage/mesh_storage.h:120)[0m
[accept_match] PASS stock_or_match_end winner=1
[accept_match] PASS rematch_reload
[accept_match] PASS return_menu
[accept_match] PASS training
[accept_match] PASS settings
[accept_match] DONE all checks passed
[1;33mWARNING:[0;93m 9 RIDs of type "CanvasItem" were leaked.
[0;90m     at: _free_rids (servers/rendering/renderer_canvas_cull.cpp:2485)[0m
ERROR: 10 RID allocations of type 'PN13RendererDummy14TextureStorage12DummyTextureE' were leaked at exit.
ERROR: 16 RID allocations of type 'PN18TextServerAdvanced22ShapedTextDataAdvancedE' were leaked at exit.
ERROR: 2 RID allocations of type 'PN18TextServerAdvanced12FontAdvancedE' were leaked at exit.
[1;33mWARNING:[0;93m ObjectDB instances leaked at exit (run with --verbose for details).
[0;90m     at: cleanup (core/object/object.cpp:2284)[0m
[1;31mERROR:[0;91m 6 resources still in use at exit (run with --verbose for details).
[0;90m   at: clear (core/io/resource.cpp:604)[0m
