Godot Engine v4.5.stable.official.876b29033 - https://godotengine.org
OpenGL API 4.1 Metal - 90.5 - Compatibility - Using Device: Apple - Apple M2

[visible_accept] shot 01-boot err=0 path=/Users/gunnchos/Library/Application Support/Godot/app_userdata/Anime Aggressors/visible_anime/01-boot.png
[visible_accept] shot 02-main-menu err=0 path=/Users/gunnchos/Library/Application Support/Godot/app_userdata/Anime Aggressors/visible_anime/02-main-menu.png
[visible_accept] shot 03-ruleset err=0 path=/Users/gunnchos/Library/Application Support/Godot/app_userdata/Anime Aggressors/visible_anime/03-ruleset.png
[visible_accept] shot 04-fighter-select err=0 path=/Users/gunnchos/Library/Application Support/Godot/app_userdata/Anime Aggressors/visible_anime/04-fighter-select.png
[visible_accept] shot 05-stage-select err=0 path=/Users/gunnchos/Library/Application Support/Godot/app_userdata/Anime Aggressors/visible_anime/05-stage-select.png
WARNING: Nodes with non-equal opposite anchors will have their size overridden after _ready(). 
If you want to set size, change the anchors or consider using set_deferred().
     at: _set_size (scene/gui/control.cpp:1476)
     GDScript backtrace (most recent call first):
         [0] _build_stage (res://scripts/battle/battle_scene.gd:54)
         [1] _ready (res://scripts/battle/battle_scene.gd:26)
[visible_accept] shot 06-countdown err=0 path=/Users/gunnchos/Library/Application Support/Godot/app_userdata/Anime Aggressors/visible_anime/06-countdown.png
[visible_accept] shot 07-match-intro err=0 path=/Users/gunnchos/Library/Application Support/Godot/app_userdata/Anime Aggressors/visible_anime/07-match-intro.png
[visible_accept] PASS fighters spawned
[visible_accept] shot 08-move-jump err=0 path=/Users/gunnchos/Library/Application Support/Godot/app_userdata/Anime Aggressors/visible_anime/08-move-jump.png
[visible_accept] shot 09-jab err=0 path=/Users/gunnchos/Library/Application Support/Godot/app_userdata/Anime Aggressors/visible_anime/09-jab.png
[visible_accept] shot 10-ground err=0 path=/Users/gunnchos/Library/Application Support/Godot/app_userdata/Anime Aggressors/visible_anime/10-ground.png
[visible_accept] shot 11-aerial err=0 path=/Users/gunnchos/Library/Application Support/Godot/app_userdata/Anime Aggressors/visible_anime/11-aerial.png
[visible_accept] shot 12-projectile-special err=0 path=/Users/gunnchos/Library/Application Support/Godot/app_userdata/Anime Aggressors/visible_anime/12-projectile-special.png
[visible_accept] shot 13-aura err=0 path=/Users/gunnchos/Library/Application Support/Godot/app_userdata/Anime Aggressors/visible_anime/13-aura.png
[CombatFeedback] sfx_event: impact_jab_fin_sfx tier:medium
[CombatFeedback] camera_event: shake_medium tier:medium
[visible_accept] shot 14-grab-throw err=0 path=/Users/gunnchos/Library/Application Support/Godot/app_userdata/Anime Aggressors/visible_anime/14-grab-throw.png
[visible_accept] damage_check before=0.0 after=0.0
[visible_accept] damage_forced after=18.0 pos=(110.5006, 279.9253)
[visible_accept] shot 15-damage-knockback err=0 path=/Users/gunnchos/Library/Application Support/Godot/app_userdata/Anime Aggressors/visible_anime/15-damage-knockback.png
[visible_accept] shot 16-stock-loss-respawn err=0 path=/Users/gunnchos/Library/Application Support/Godot/app_userdata/Anime Aggressors/visible_anime/16-stock-loss-respawn.png
[visible_accept] pause_panel visible=true paused=true
[visible_accept] shot 17-pause err=0 path=/Users/gunnchos/Library/Application Support/Godot/app_userdata/Anime Aggressors/visible_anime/17-pause.png
[visible_accept] shot 18-resume err=0 path=/Users/gunnchos/Library/Application Support/Godot/app_userdata/Anime Aggressors/visible_anime/18-resume.png
[visible_accept] shot 19-results err=0 path=/Users/gunnchos/Library/Application Support/Godot/app_userdata/Anime Aggressors/visible_anime/19-results.png
WARNING: Nodes with non-equal opposite anchors will have their size overridden after _ready(). 
If you want to set size, change the anchors or consider using set_deferred().
     at: _set_size (scene/gui/control.cpp:1476)
     GDScript backtrace (most recent call first):
         [0] _build_stage (res://scripts/battle/battle_scene.gd:54)
         [1] _ready (res://scripts/battle/battle_scene.gd:26)
[visible_accept] shot 20-rematch err=0 path=/Users/gunnchos/Library/Application Support/Godot/app_userdata/Anime Aggressors/visible_anime/20-rematch.png
[visible_accept] shot 21-menu-after-match err=0 path=/Users/gunnchos/Library/Application Support/Godot/app_userdata/Anime Aggressors/visible_anime/21-menu-after-match.png
[visible_accept] shot 22-training-menu err=0 path=/Users/gunnchos/Library/Application Support/Godot/app_userdata/Anime Aggressors/visible_anime/22-training-menu.png
[visible_accept] shot 23-training-battle err=0 path=/Users/gunnchos/Library/Application Support/Godot/app_userdata/Anime Aggressors/visible_anime/23-training-battle.png
[visible_accept] settings touch_mode 0 -> 1
[visible_accept] shot 24-settings err=0 path=/Users/gunnchos/Library/Application Support/Godot/app_userdata/Anime Aggressors/visible_anime/24-settings.png
[visible_accept] PASS settings persistence touch_mode=1
[visible_accept] shot 25-settings-persisted err=0 path=/Users/gunnchos/Library/Application Support/Godot/app_userdata/Anime Aggressors/visible_anime/25-settings-persisted.png
[visible_accept] shot 26-menu-final err=0 path=/Users/gunnchos/Library/Application Support/Godot/app_userdata/Anime Aggressors/visible_anime/26-menu-final.png
[visible_accept] fighters=["ember-vale", "rook-ironside", "juno-spark", "kaia-windrow", "nix-calder", "orion-vell", "vesper-nyx"]
[visible_accept] fighter_ok Ember Vale weight=100.0 run=294.0 archetype=Rushdown Striker moves=23
[visible_accept] fighter_ok Rook Ironside weight=125.0 run=238.0 archetype=Armored Bruiser moves=23
[visible_accept] fighter_ok Juno Spark weight=82.0 run=330.4 archetype=Speed Confirm moves=23
[visible_accept] fighter_ok Kaia Windrow weight=96.0 run=274.4 archetype=Aerial Spacer moves=23
[visible_accept] fighter_ok Nix Calder weight=118.0 run=252.0 archetype=Control Tank moves=23
[visible_accept] fighter_ok Orion Vell weight=100.0 run=280.0 archetype=Combo Control moves=23
[visible_accept] fighter_ok Vesper Nyx weight=88.0 run=266.0 archetype=Phase Trickster moves=23
[visible_accept] RESULT failed=0
WARNING: ObjectDB instances leaked at exit (run with --verbose for details).
     at: cleanup (core/object/object.cpp:2514)
