Godot Engine v4.3.stable.official.77dcf97d8 - https://godotengine.org
OpenGL API 4.1 Metal - 90.5 - Compatibility - Using Device: Apple - Apple M2

[visible_accept] shot 01-boot err=0 path=/Users/gunnchos/Library/Application Support/Godot/app_userdata/Anime Aggressors/visible_gui/01-boot.png
[visible_accept] shot 02-main-menu err=0 path=/Users/gunnchos/Library/Application Support/Godot/app_userdata/Anime Aggressors/visible_gui/02-main-menu.png
[visible_accept] shot 03-fighter-select err=0 path=/Users/gunnchos/Library/Application Support/Godot/app_userdata/Anime Aggressors/visible_gui/03-fighter-select.png
[visible_accept] shot 04-stage-select err=0 path=/Users/gunnchos/Library/Application Support/Godot/app_userdata/Anime Aggressors/visible_gui/04-stage-select.png
[1;33mWARNING:[0;93m Nodes with non-equal opposite anchors will have their size overridden after _ready(). 
If you want to set size, change the anchors or consider using set_deferred().
[0;90m     at: _set_size (scene/gui/control.cpp:1448)[0m
[1;33mWARNING:[0;93m MSAA is not supported on this device.
[0;90m     at: configure (drivers/gles3/storage/render_scene_buffers_gles3.cpp:181)[0m
UNSUPPORTED (log once): POSSIBLE ISSUE: unit 0 GLD_TEXTURE_INDEX_2D is unloadable and bound to sampler type (Float) - using zero texture because texture unloadable
[visible_accept] shot 05-match-intro err=0 path=/Users/gunnchos/Library/Application Support/Godot/app_userdata/Anime Aggressors/visible_gui/05-match-intro.png
[visible_accept] shot 06-attack err=0 path=/Users/gunnchos/Library/Application Support/Godot/app_userdata/Anime Aggressors/visible_gui/06-attack.png
[visible_accept] shot 07-special err=0 path=/Users/gunnchos/Library/Application Support/Godot/app_userdata/Anime Aggressors/visible_gui/07-special.png
[visible_accept] shot 08-grab-throw err=0 path=/Users/gunnchos/Library/Application Support/Godot/app_userdata/Anime Aggressors/visible_gui/08-grab-throw.png
[visible_accept] PASS fighters
[CombatFeedback] sfx_event: impact_hit_light tier:light
[CombatFeedback] camera_event: shake_light tier:light
[visible_accept] shot 09-stock-loss err=0 path=/Users/gunnchos/Library/Application Support/Godot/app_userdata/Anime Aggressors/visible_gui/09-stock-loss.png
[CombatFeedback] sfx_event: impact_jab_fin_sfx tier:medium
[CombatFeedback] camera_event: shake_medium tier:medium
[visible_accept] shot 10-results err=0 path=/Users/gunnchos/Library/Application Support/Godot/app_userdata/Anime Aggressors/visible_gui/10-results.png
[1;33mWARNING:[0;93m Nodes with non-equal opposite anchors will have their size overridden after _ready(). 
If you want to set size, change the anchors or consider using set_deferred().
[0;90m     at: _set_size (scene/gui/control.cpp:1448)[0m
[visible_accept] shot 11-rematch err=0 path=/Users/gunnchos/Library/Application Support/Godot/app_userdata/Anime Aggressors/visible_gui/11-rematch.png
